[debug] [2022-11-01T16:09:49.412Z] ----------------------------------------------------------------------
[debug] [2022-11-01T16:09:49.415Z] Command:       /usr/local/bin/node /usr/local/bin/firebase init
[debug] [2022-11-01T16:09:49.416Z] CLI Version:   11.4.2
[debug] [2022-11-01T16:09:49.416Z] Platform:      darwin
[debug] [2022-11-01T16:09:49.416Z] Node Version:  v16.16.0
[debug] [2022-11-01T16:09:49.418Z] Time:          Tue Nov 01 2022 17:09:49 GMT+0100 (hora estándar de Europa central)
[debug] [2022-11-01T16:09:49.419Z] ----------------------------------------------------------------------
[debug] 
[debug] [2022-11-01T16:09:49.428Z] > command requires scopes: ["email","openid","https://www.googleapis.com/auth/cloudplatformprojects.readonly","https://www.googleapis.com/auth/firebase","https://www.googleapis.com/auth/cloud-platform"]
[debug] [2022-11-01T16:09:49.429Z] > authorizing via signed-in user (brauliofirebase@gmail.com)
[info] 
     ######## #### ########  ######## ########     ###     ######  ########
     ##        ##  ##     ## ##       ##     ##  ##   ##  ##       ##
     ######    ##  ########  ######   ########  #########  ######  ######
     ##        ##  ##    ##  ##       ##     ## ##     ##       ## ##
     ##       #### ##     ## ######## ########  ##     ##  ######  ########

You're about to initialize a Firebase project in this directory:

  /Users/marlonfalcon/Documentos - MacBook Pro de Marlon/projects/openattendance.com

[info] 
=== Project Setup
[info] 
[info] First, let's associate this project directory with a Firebase project.
[info] You can create multiple project aliases by running firebase use --add, 
[info] but for now we'll just set up a default project.
[info] 
[debug] [2022-11-01T16:10:03.788Z] > refreshing access token with scopes: []
[debug] [2022-11-01T16:10:03.792Z] >>> [apiv2][query] POST https://www.googleapis.com/oauth2/v3/token [none]
[debug] [2022-11-01T16:10:03.792Z] >>> [apiv2][body] POST https://www.googleapis.com/oauth2/v3/token [omitted]
[debug] [2022-11-01T16:10:04.162Z] <<< [apiv2][status] POST https://www.googleapis.com/oauth2/v3/token 400
[debug] [2022-11-01T16:10:04.162Z] <<< [apiv2][body] POST https://www.googleapis.com/oauth2/v3/token [omitted]
[debug] [2022-11-01T16:10:04.163Z] >>> [apiv2][query] GET https://firebase.googleapis.com/v1beta1/projects pageSize=100
[debug] [2022-11-01T16:10:04.696Z] <<< [apiv2][status] GET https://firebase.googleapis.com/v1beta1/projects 401
[debug] [2022-11-01T16:10:04.696Z] <<< [apiv2][body] GET https://firebase.googleapis.com/v1beta1/projects [omitted]
[debug] [2022-11-01T16:10:04.698Z] HTTP Error: 401, Request had invalid authentication credentials. Expected OAuth 2 access token, login cookie or other valid authentication credential. See https://developers.google.com/identity/sign-in/web/devconsole-project.
[debug] [2022-11-01T16:10:04.959Z] FirebaseError: HTTP Error: 401, Request had invalid authentication credentials. Expected OAuth 2 access token, login cookie or other valid authentication credential. See https://developers.google.com/identity/sign-in/web/devconsole-project.
    at responseToError (/usr/local/lib/node_modules/firebase-tools/lib/responseToError.js:49:12)
    at RetryOperation._fn (/usr/local/lib/node_modules/firebase-tools/lib/apiv2.js:288:77)
    at processTicksAndRejections (node:internal/process/task_queues:96:5)
[error] 
[error] Error: Failed to list Firebase projects. See firebase-debug.log for more info.
